2025-07-01 17:40:42,085 INFO    MainThread:22644 [wandb_setup.py:_flush():70] Current SDK version is 0.19.11
2025-07-01 17:40:42,085 INFO    MainThread:22644 [wandb_setup.py:_flush():70] Configure stats pid to 22644
2025-07-01 17:40:42,085 INFO    MainThread:22644 [wandb_setup.py:_flush():70] Loading settings from C:\Users\jonas\.config\wandb\settings
2025-07-01 17:40:42,085 INFO    MainThread:22644 [wandb_setup.py:_flush():70] Loading settings from C:\Users\jonas\coding\university\drl\ducks-riding-lamas\wandb\settings
2025-07-01 17:40:42,085 INFO    MainThread:22644 [wandb_setup.py:_flush():70] Loading settings from environment variables
2025-07-01 17:40:42,085 INFO    MainThread:22644 [wandb_init.py:setup_run_log_directory():724] Logging user logs to ./wandb\wandb\run-20250701_174042-h26lxnfh\logs\debug.log
2025-07-01 17:40:42,088 INFO    MainThread:22644 [wandb_init.py:setup_run_log_directory():725] Logging internal logs to ./wandb\wandb\run-20250701_174042-h26lxnfh\logs\debug-internal.log
2025-07-01 17:40:42,088 INFO    MainThread:22644 [wandb_init.py:init():852] calling init triggers
2025-07-01 17:40:42,088 INFO    MainThread:22644 [wandb_init.py:init():857] wandb.init called with sweep_config: {}
config: {'environment': {'variant': 0, 'mode': 'training', 'data_dir': './data'}, 'model': {'clip_ratio': 0.2, 'entropy_start': 0.1, 'entropy_decay': 0.98, 'entropy_min': 0.0}, 'training': {'episodes': 20, 'gamma': 0.99, 'lam': 0.9, 'policy_lr': 0.0009, 'value_lr': 0.002, 'policy_epochs': 40, 'value_epochs': 40, 'max_time_steps': 200, 'seed': 42, 'device': 'cpu'}, '_wandb': {'code_path': 'code/main_ppo.py'}}
2025-07-01 17:40:42,088 INFO    MainThread:22644 [wandb_init.py:init():893] starting backend
2025-07-01 17:40:42,088 INFO    MainThread:22644 [wandb_init.py:init():897] sending inform_init request
2025-07-01 17:40:42,105 INFO    MainThread:22644 [backend.py:_multiprocessing_setup():101] multiprocessing start_methods=spawn, using: spawn
2025-07-01 17:40:42,105 INFO    MainThread:22644 [wandb_init.py:init():907] backend started and connected
2025-07-01 17:40:42,106 INFO    MainThread:22644 [wandb_init.py:init():1005] updated telemetry
2025-07-01 17:40:42,161 INFO    MainThread:22644 [wandb_init.py:init():1029] communicating run to backend with 90.0 second timeout
2025-07-01 17:40:42,745 INFO    MainThread:22644 [wandb_init.py:init():1104] starting run threads in backend
2025-07-01 17:40:42,992 INFO    MainThread:22644 [wandb_run.py:_console_start():2573] atexit reg
2025-07-01 17:40:42,992 INFO    MainThread:22644 [wandb_run.py:_redirect():2421] redirect: wrap_raw
2025-07-01 17:40:42,992 INFO    MainThread:22644 [wandb_run.py:_redirect():2490] Wrapping output streams.
2025-07-01 17:40:42,993 INFO    MainThread:22644 [wandb_run.py:_redirect():2513] Redirects installed.
2025-07-01 17:40:42,996 INFO    MainThread:22644 [wandb_init.py:init():1150] run started, returning control to user process
2025-07-01 17:40:42,996 INFO    MainThread:22644 [wandb_watch.py:_watch():71] Watching
2025-07-01 17:40:42,997 ERROR   MainThread:22644 [util.py:get_module():261] Error importing optional module torch
Traceback (most recent call last):
  File "C:\Users\jonas\coding\university\drl\ducks-riding-lamas\venv\Lib\site-packages\wandb\util.py", line 227, in import_module_lazy
    return sys.modules[name]
           ~~~~~~~~~~~^^^^^^
KeyError: 'torch'

During handling of the above exception, another exception occurred:

Traceback (most recent call last):
  File "C:\Users\jonas\coding\university\drl\ducks-riding-lamas\venv\Lib\site-packages\wandb\util.py", line 256, in get_module
    return import_module_lazy(name)
           ^^^^^^^^^^^^^^^^^^^^^^^^
  File "C:\Users\jonas\coding\university\drl\ducks-riding-lamas\venv\Lib\site-packages\wandb\util.py", line 231, in import_module_lazy
    raise ModuleNotFoundError
ModuleNotFoundError
2025-07-01 17:40:43,236 INFO    MsgRouterThr:22644 [mailbox.py:close():129] [no run ID] Closing mailbox, abandoning 1 handles.
